vite v4.4.11 building SSR bundle for production...

transforming...
5:56:10 PM [vite-plugin-svelte] /src/components/Services.svelte:17:0 A11y: <div> with click, keydown handlers must have an ARIA role
15: </script>
16: 
17: <div
    ^
18:   class={classArrayToInline([
19:     'button relative mt-12 mb-6 flex items-center justify-center',
5:56:11 PM [vite-plugin-svelte] /src/components/RoundCode/RoundCode.svelte:52:4 A11y: visible, non-interactive elements with an on:click event must be accompanied by an on:keydown, on:keyup, or on:keypress event.
50:       {/each}
51:       {#if withImage}
52:         <image
            ^
53:           x="110"
54:           y="110"
5:56:11 PM [vite-plugin-svelte] /src/components/RoundCode/RoundCode.svelte:52:4 A11y: <image> with click handler must have an ARIA role
50:       {/each}
51:       {#if withImage}
52:         <image
            ^
53:           x="110"
54:           y="110"
5:56:11 PM [vite-plugin-svelte] /src/components/IconLink.svelte:25:0 A11y: <svelte:element> with click handler must have an ARIA role
23: </script>
24: 
25: <svelte:element
    ^
26:   this={element}
27:   {...elementProps}
5:56:11 PM [vite-plugin-svelte] /src/components/Socials/SocialLinkElement.svelte:40:1 A11y: visible, non-interactive elements with an on:click event must be accompanied by an on:keydown, on:keyup, or on:keypress event.
38: 
39: {#if fullSocial.qrImgUrl && isQrModalOpen}
40:   <div
      ^
41:     class="fixed top-0 left-0 z-10 w-full h-full flex justify-center items-center bg-black bg-opacity-75"
42:     on:click={onQrModalBackdropClick}
5:56:11 PM [vite-plugin-svelte] /src/components/Socials/SocialLinkElement.svelte:40:1 A11y: <div> with click handler must have an ARIA role
38: 
39: {#if fullSocial.qrImgUrl && isQrModalOpen}
40:   <div
      ^
41:     class="fixed top-0 left-0 z-10 w-full h-full flex justify-center items-center bg-black bg-opacity-75"
42:     on:click={onQrModalBackdropClick}
✓ 145 modules transformed.
rendering chunks...

vite v4.4.11 building for production...
transforming...
5:56:12 PM [vite-plugin-svelte] /src/components/Services.svelte:17:0 A11y: <div> with click, keydown handlers must have an ARIA role
15: </script>
16: 
17: <div
    ^
18:   class={classArrayToInline([
19:     'button relative mt-12 mb-6 flex items-center justify-center',
5:56:12 PM [vite-plugin-svelte] /src/components/Socials/SocialLinkElement.svelte:40:1 A11y: visible, non-interactive elements with an on:click event must be accompanied by an on:keydown, on:keyup, or on:keypress event.
38: 
39: {#if fullSocial.qrImgUrl && isQrModalOpen}
40:   <div
      ^
41:     class="fixed top-0 left-0 z-10 w-full h-full flex justify-center items-center bg-black bg-opacity-75"
42:     on:click={onQrModalBackdropClick}
5:56:12 PM [vite-plugin-svelte] /src/components/Socials/SocialLinkElement.svelte:40:1 A11y: <div> with click handler must have an ARIA role
38: 
39: {#if fullSocial.qrImgUrl && isQrModalOpen}
40:   <div
      ^
41:     class="fixed top-0 left-0 z-10 w-full h-full flex justify-center items-center bg-black bg-opacity-75"
42:     on:click={onQrModalBackdropClick}
5:56:12 PM [vite-plugin-svelte] /src/components/IconLink.svelte:25:0 A11y: <svelte:element> with click handler must have an ARIA role
23: </script>
24: 
25: <svelte:element
    ^
26:   this={element}
27:   {...elementProps}
5:56:12 PM [vite-plugin-svelte] /src/components/RoundCode/RoundCode.svelte:52:4 A11y: visible, non-interactive elements with an on:click event must be accompanied by an on:keydown, on:keyup, or on:keypress event.
50:       {/each}
51:       {#if withImage}
52:         <image
            ^
53:           x="110"
54:           y="110"
5:56:12 PM [vite-plugin-svelte] /src/components/RoundCode/RoundCode.svelte:52:4 A11y: <image> with click handler must have an ARIA role
50:       {/each}
51:       {#if withImage}
52:         <image
            ^
53:           x="110"
54:           y="110"
✓ 225 modules transformed.
rendering chunks...
computing gzip size...
.svelte-kit/output/client/_app/version.json                               0.03 kB │ gzip:  0.05 kB
.svelte-kit/output/client/vite-manifest.json                              5.44 kB │ gzip:  0.73 kB
.svelte-kit/output/client/_app/immutable/assets/3.328c6541.css            0.04 kB │ gzip:  0.06 kB
.svelte-kit/output/client/_app/immutable/assets/Image.005decdf.css        0.05 kB │ gzip:  0.07 kB
.svelte-kit/output/client/_app/immutable/assets/4.82ce793c.css            0.50 kB │ gzip:  0.28 kB
.svelte-kit/output/client/_app/immutable/assets/MapLink.18c3df3e.css      0.85 kB │ gzip:  0.40 kB
.svelte-kit/output/client/_app/immutable/assets/Copyright.b268e590.css    1.61 kB │ gzip:  0.53 kB
.svelte-kit/output/client/_app/immutable/assets/2.a5f176d6.css            4.51 kB │ gzip:  1.16 kB
.svelte-kit/output/client/_app/immutable/assets/0.bd181d39.css            9.38 kB │ gzip:  2.63 kB
.svelte-kit/output/client/_app/immutable/chunks/Spinner.995f00a9.js       0.52 kB │ gzip:  0.34 kB
.svelte-kit/output/client/_app/immutable/nodes/1.951cd73c.js              1.40 kB │ gzip:  0.78 kB
.svelte-kit/output/client/_app/immutable/chunks/Image.bc034ef9.js         1.99 kB │ gzip:  0.98 kB
.svelte-kit/output/client/_app/immutable/chunks/scheduler.7e80579f.js     2.30 kB │ gzip:  1.08 kB
.svelte-kit/output/client/_app/immutable/chunks/singletons.87f0a836.js    2.85 kB │ gzip:  1.46 kB
.svelte-kit/output/client/_app/immutable/nodes/0.57c44d4e.js              2.90 kB │ gzip:  1.44 kB
.svelte-kit/output/client/_app/immutable/nodes/3.c09d04dc.js              5.03 kB │ gzip:  2.10 kB
.svelte-kit/output/client/_app/immutable/chunks/index.c26c45f4.js         6.56 kB │ gzip:  2.79 kB
.svelte-kit/output/client/_app/immutable/entry/app.2679fef7.js            7.02 kB │ gzip:  2.51 kB
.svelte-kit/output/client/_app/immutable/nodes/2.8cb2b421.js             10.67 kB │ gzip:  4.15 kB
.svelte-kit/output/client/_app/immutable/chunks/MapLink.23b3413a.js      21.29 kB │ gzip:  7.62 kB
.svelte-kit/output/client/_app/immutable/entry/start.967eeae0.js         24.90 kB │ gzip:  9.81 kB
.svelte-kit/output/client/_app/immutable/chunks/Copyright.82b24977.js    45.51 kB │ gzip: 17.13 kB
.svelte-kit/output/client/_app/immutable/nodes/4.2cb7ca3f.js            125.20 kB │ gzip: 39.84 kB
✓ built in 1.37s
.svelte-kit/output/server/vite-manifest.json                                4.00 kB
.svelte-kit/output/server/_app/immutable/assets/_page.328c6541.css          0.04 kB
.svelte-kit/output/server/_app/immutable/assets/Image.005decdf.css          0.05 kB
.svelte-kit/output/server/_app/immutable/assets/_page.82ce793c.css          0.50 kB
.svelte-kit/output/server/_app/immutable/assets/Socials.18c3df3e.css        0.85 kB
.svelte-kit/output/server/_app/immutable/assets/Ukraine.b268e590.css        1.61 kB
.svelte-kit/output/server/_app/immutable/assets/_page.a5f176d6.css          4.51 kB
.svelte-kit/output/server/_app/immutable/assets/_layout.5b934ab5.css        9.34 kB
.svelte-kit/output/server/internal.js                                       0.19 kB
.svelte-kit/output/server/chunks/Spinner.js                                 0.42 kB
.svelte-kit/output/server/entries/pages/_slug_/_page.svelte.js              0.89 kB
.svelte-kit/output/server/entries/pages/_layout.svelte.js                   0.95 kB
.svelte-kit/output/server/chunks/Image.js                                   1.03 kB
.svelte-kit/output/server/entries/pages/_error.svelte.js                    1.10 kB
.svelte-kit/output/server/chunks/Copyright.js                               2.28 kB
.svelte-kit/output/server/chunks/Ukraine.svelte_svelte_type_style_lang.js   3.06 kB
.svelte-kit/output/server/chunks/Socials.svelte_svelte_type_style_lang.js   4.10 kB
.svelte-kit/output/server/chunks/internal.js                                5.56 kB
.svelte-kit/output/server/chunks/ssr.js                                     7.28 kB
.svelte-kit/output/server/entries/pages/c/_page.svelte.js                  21.87 kB
.svelte-kit/output/server/entries/pages/_page.svelte.js                    26.74 kB
.svelte-kit/output/server/index.js                                         90.08 kB

Run npm run preview to preview your production build locally.

> Using @sveltejs/adapter-static
  Wrote site to "build"
  ✔ done
✓ built in 4.45s
vite v4.4.9 building for production...
transforming...
node_modules/@mediapipe/tasks-vision/vision_bundle.mjs (1:25466) Use of eval in "node_modules/@mediapipe/tasks-vision/vision_bundle.mjs" is strongly discouraged as it poses security risks and may cause issues with minification.
node_modules/@mediapipe/tasks-vision/vision_bundle.mjs (1:26534) Use of eval in "node_modules/@mediapipe/tasks-vision/vision_bundle.mjs" is strongly discouraged as it poses security risks and may cause issues with minification.
✓ 318 modules transformed.
rendering chunks...
computing gzip size...

(!) Some chunks are larger than 500 kBs after minification. Consider:
- Using dynamic import() to code-split the application
- Use build.rollupOptions.output.manualChunks to improve chunking: https://rollupjs.org/configuration-options/#output-manualchunks
- Adjust chunk size limit for this warning via build.chunkSizeWarningLimit.
dist/index.html      0.35 kB │ gzip:   0.25 kB
dist/index.css       4.52 kB │ gzip:   1.41 kB
dist/index.js    1,692.45 kB │ gzip: 502.04 kB
✓ built in 3.80s
